<?xml version="1.0" encoding="UTF-8"?>
<!-- Generated by org.testng.reporters.JUnitXMLReporter -->
<testsuite ignored="0" hostname="DESKTOP-V8VSACL" failures="0" tests="3" name="RegressionTest" time="45.856" errors="0" timestamp="2022-04-07T00:03:32 IST">
  <testcase classname="com.qa.testLayer.HomePageTest" name="verifyNexus6" time="7.762"/>
  <testcase classname="com.qa.testLayer.HomePageTest" name="verifyNokiaLumia1520" time="7.143"/>
  <testcase classname="com.qa.testLayer.HomePageTest" name="verifySamsungGalaxyS6" time="4.442"/>
</testsuite> <!-- RegressionTest -->
