<?xml version="1.0" encoding="UTF-8"?>
<!-- Generated by org.testng.reporters.JUnitXMLReporter -->
<testsuite ignored="3" hostname="DESKTOP-V8VSACL" failures="0" tests="0" time="0.016" errors="0" timestamp="2022-04-07T00:00:45 IST">
  <testcase classname="com.qa.testLayer.HomePageTest" name="verifyNexus6" time="0.0">
    <ignored/>
  </testcase> <!-- verifyNexus6 -->
  <testcase classname="com.qa.testLayer.HomePageTest" name="verifyNokiaLumia1520" time="0.0">
    <ignored/>
  </testcase> <!-- verifyNokiaLumia1520 -->
  <testcase classname="com.qa.testLayer.HomePageTest" name="verifySamsungGalaxyS6" time="0.0">
    <ignored/>
  </testcase> <!-- verifySamsungGalaxyS6 -->
</testsuite>
