<?xml version="1.0" encoding="UTF-8"?>
<!-- Generated by org.testng.reporters.JUnitXMLReporter -->
<testsuite ignored="0" hostname="DESKTOP-V8VSACL" failures="0" tests="1" name="TestOnFirefox" time="0.106" errors="0" timestamp="2022-08-23T14:59:52 IST">
  <testcase classname="runMultipleBrowserSimiltanniously.RunTestOnMultipleBrowser" name="@BeforeTest setup" time="-1.66124699199E9">
    <failure type="org.testng.TestNGException" message="
Can inject only one of &amp;lt;ITestContext, XmlTest&amp;gt; into a @BeforeTest annotated setup.
For more information on native dependency injection please refer to https://testng.org/doc/documentation-main.html#native-dependency-injection">
      <![CDATA[org.testng.TestNGException: 
Can inject only one of <ITestContext, XmlTest> into a @BeforeTest annotated setup.
For more information on native dependency injection please refer to https://testng.org/doc/documentation-main.html#native-dependency-injection
at java.base/java.util.concurrent.FutureTask.run(FutureTask.java:264)
at java.base/java.util.concurrent.ThreadPoolExecutor.runWorker(ThreadPoolExecutor.java:1136)
at java.base/java.util.concurrent.ThreadPoolExecutor$Worker.run(ThreadPoolExecutor.java:635)
at java.base/java.lang.Thread.run(Thread.java:833)
... Removed 12 stack frames]]>
    </failure>
  </testcase> <!-- @BeforeTest setup -->
  <testcase classname="runMultipleBrowserSimiltanniously.RunTestOnMultipleBrowser" name="@AfterTest tearDown" time="-1.661246992075E9">
    <skipped/>
  </testcase> <!-- @AfterTest tearDown -->
  <testcase classname="runMultipleBrowserSimiltanniously.RunTestOnMultipleBrowser" name="test1" time="0.0">
    <skipped/>
  </testcase> <!-- test1 -->
</testsuite> <!-- TestOnFirefox -->
