<?xml version="1.0" encoding="UTF-8"?>
<testng-results ignored="0" total="1" passed="1" failed="0" skipped="0">
  <reporter-output>
  </reporter-output>
  <suite started-at="2022-08-11T15:43:39 IST" name="Surefire suite" finished-at="2022-08-11T15:43:40 IST" duration-ms="245">
    <groups>
    </groups>
    <test started-at="2022-08-11T15:43:39 IST" name="Surefire test" finished-at="2022-08-11T15:43:40 IST" duration-ms="245">
      <class name="MyFramework.myFramework.AppTest">
        <test-method signature="shouldAnswerWithTrue()" started-at="2022-08-11T15:43:40 IST" name="shouldAnswerWithTrue" finished-at="2022-08-11T15:43:40 IST" duration-ms="30" status="PASS">
          <reporter-output>
          </reporter-output>
        </test-method> <!-- shouldAnswerWithTrue -->
      </class> <!-- MyFramework.myFramework.AppTest -->
    </test> <!-- Surefire test -->
  </suite> <!-- Surefire suite -->
</testng-results>
