<?xml version="1.0" encoding="UTF-8"?>
<!-- Generated by org.testng.reporters.JUnitXMLReporter -->
<testsuite ignored="2" hostname="DESKTOP-V8VSACL" failures="0" tests="2" name="Test(failed)" time="0.082" errors="0" timestamp="2022-08-24T10:19:57 IST">
  <testcase classname="failedTestCasesExecution.FailedTestExecution" name="test3" time="0.015"/>
  <testcase classname="failedTestCasesExecution.FailedTestExecution" name="test2" time="0.003"/>
  <testcase classname="failedTestCasesExecution.FailedTestExecution" name="test4" time="0.0">
    <ignored/>
  </testcase> <!-- test4 -->
  <testcase classname="failedTestCasesExecution.FailedTestExecution" name="test1" time="0.0">
    <ignored/>
  </testcase> <!-- test1 -->
</testsuite> <!-- Test(failed) -->
